This is pdfeTeXk, Version 3.141592-1.30.4-2.2 (Web2C 7.5.5) (format=pdflatex 2007.9.26)  30 DEC 2007 09:02
entering extended mode
 %&-line parsing enabled.
**\nonstopmode \AtBeginDocument{\OnlyDescription}\input{preview.drv}
(./preview.drv (/opt/texlive/2005/texmf-dist/tex/latex/base/ltxdoc.cls
Document Class: ltxdoc 1999/08/08 v2.0u Standard LaTeX documentation class
*************************************
* Local config file ltxdoc.cfg used
*************************************
(/opt/texlive/2005/texmf-dist/tex/latex/subfig/ltxdoc.cfg)
(/opt/texlive/2005/texmf-dist/tex/latex/base/article.cls
Document Class: article 2004/02/16 v1.4f Standard LaTeX document class
(/opt/texlive/2005/texmf-dist/tex/latex/base/size10.clo
File: size10.clo 2004/02/16 v1.4f Standard LaTeX file (size option)
)
\c@part=\count79
\c@section=\count80
\c@subsection=\count81
\c@subsubsection=\count82
\c@paragraph=\count83
\c@subparagraph=\count84
\c@figure=\count85
\c@table=\count86
\abovecaptionskip=\skip41
\belowcaptionskip=\skip42
\bibindent=\dimen102
)
(/opt/texlive/2005/texmf-dist/tex/latex/base/doc.sty
Package: doc 2004/02/09 v2.1b Standard LaTeX documentation package (FMi)
\c@StandardModuleDepth=\count87
\guard@level=\count88
\MacrocodeTopsep=\skip43
\MacroIndent=\dimen103
\macro@cnt=\count89
\MacroTopsep=\skip44
\index@excludelist=\toks14

(/opt/texlive/2005/texmf-dist/tex/latex/tools/multicol.sty
Package: multicol 2004/02/14 v1.6e multicolumn formatting (FMi)
\c@tracingmulticols=\count90
\mult@box=\box26
\multicol@leftmargin=\dimen104
\c@unbalance=\count91
\c@collectmore=\count92
\doublecol@number=\count93
\multicoltolerance=\count94
\multicolpretolerance=\count95
\full@width=\dimen105
\page@free=\dimen106
\premulticols=\dimen107
\postmulticols=\dimen108
\multicolsep=\skip45
\multicolbaselineskip=\skip46
\partial@page=\box27
\last@line=\box28
\mult@rightbox=\box29
\mult@grightbox=\box30
\mult@gfirstbox=\box31
\mult@firstbox=\box32
\@tempa=\box33
\@tempa=\box34
\@tempa=\box35
\@tempa=\box36
\@tempa=\box37
\@tempa=\box38
\@tempa=\box39
\@tempa=\box40
\@tempa=\box41
\@tempa=\box42
\@tempa=\box43
\@tempa=\box44
\@tempa=\box45
\@tempa=\box46
\@tempa=\box47
\@tempa=\box48
\@tempa=\box49
\c@columnbadness=\count96
\c@finalcolumnbadness=\count97
\last@try=\dimen109
\multicolovershoot=\dimen110
\multicolundershoot=\dimen111
\mult@nat@firstbox=\box50
\colbreak@box=\box51
)
\IndexMin=\dimen112
\c@IndexColumns=\count98
\GlossaryMin=\dimen113
\c@GlossaryColumns=\count99
\check@sum=\count100
\bslash@cnt=\count101
\wrong@table=\toks15
\c@CodelineNo=\count102
)) (./preview.sty
Package: preview 2006/08/25 11.84 (AUCTeX/preview-latex)
)
(./preview.aux)
\openout1 = `preview.aux'.

LaTeX Font Info:    Checking defaults for OML/cmm/m/it on input line 29.
LaTeX Font Info:    ... okay on input line 29.
LaTeX Font Info:    Checking defaults for T1/cmr/m/n on input line 29.
LaTeX Font Info:    ... okay on input line 29.
LaTeX Font Info:    Checking defaults for OT1/cmr/m/n on input line 29.
LaTeX Font Info:    ... okay on input line 29.
LaTeX Font Info:    Checking defaults for OMS/cmsy/m/n on input line 29.
LaTeX Font Info:    ... okay on input line 29.
LaTeX Font Info:    Checking defaults for OMX/cmex/m/n on input line 29.
LaTeX Font Info:    ... okay on input line 29.
LaTeX Font Info:    Checking defaults for U/cmr/m/n on input line 29.
LaTeX Font Info:    ... okay on input line 29.
\@glossaryfile=\write3
\openout3 = `preview.glo'.


Writing glossary file preview.glo 
\@indexfile=\write4
\openout4 = `preview.idx'.

Writing index file preview.idx
Package doc Info: Made | a short reference for \verb on input line 29.
(./preview.dtx
LaTeX Font Info:    External font `cmex10' loaded for size
(Font)              <17.28> on input line 28.
LaTeX Font Info:    External font `cmex10' loaded for size
(Font)              <12> on input line 28.
LaTeX Font Info:    External font `cmex10' loaded for size
(Font)              <8> on input line 28.
LaTeX Font Info:    External font `cmex10' loaded for size
(Font)              <6> on input line 28.
LaTeX Font Info:    External font `cmex10' loaded for size
(Font)              <5> on input line 28.
LaTeX Font Info:    External font `cmex10' loaded for size
(Font)              <7> on input line 31.

Overfull \hbox (2.944pt too wide) in paragraph at lines 42--51
\OT1/cmr/m/n/10 good al-ter-na-tive: Peo-ple make do by fid-dling around with [
]\OT1/cmtt/m/n/10 \thispagestyle{empty}
 []

[1

{/opt/texlive/2005/texmf-var/fonts/map/pdftex/updmap/pdftex.map}]
LaTeX Font Info:    Font shape `OT1/cmtt/bx/n' in size <10> not available
(Font)              Font shape `OT1/cmtt/m/n' tried instead on input line 90.
 [2]
Overfull \hbox (6.0296pt too wide) in paragraph at lines 150--152
[][]\OT1/cmtt/m/n/10 latex '\RequirePackage[active,delayed,$\OMS/cmsy/m/n/10 h$
[]\OT1/cmr/m/it/10 options$\OMS/cmsy/m/n/10 i$[][]\OT1/cmtt/m/n/10 ]{preview}
 []

[3] [4] [5] [6] [7]

LaTeX Warning: Marginpar on page 8 moved.

) [8]
No file preview.gls.
No file preview.ind.
(./preview.aux) ) 
Here is how much of TeX's memory you used:
 662 strings out of 95207
 8099 string characters out of 1185138
 60303 words of memory out of 1500000
 3838 multiletter control sequences out of 10000+50000
 9748 words of font info for 36 fonts, out of 1000000 for 2000
 28 hyphenation exceptions out of 8191
 31i,9n,21p,286b,215s stack positions out of 5000i,500n,6000p,200000b,5000s
PDF statistics:
 71 PDF objects out of 300000
 0 named destinations out of 131072
 1 words of extra memory for PDF output out of 10000
</opt/texlive/2005/texmf-dist/fonts/type1/bluesky/cm/cmtt9.pfb
></opt/texlive/2005/texmf-dist/fonts/type1/bluesky/cm/cmitt10.pfb></opt/texlive
/2005/texmf-dist/fonts/type1/bluesky/cm/cmbxti10.pfb></opt/texlive/2005/texmf-d
ist/fonts/type1/bluesky/cm/cmti10.pfb></opt/texlive/2005/texmf-dist/fonts/type1
/bluesky/cm/cmsy10.pfb></opt/texlive/2005/texmf-dist/fonts/type1/bluesky/cm/cmt
t8.pfb></opt/texlive/2005/texmf-dist/fonts/type1/bluesky/cm/cmsy6.pfb></opt/tex
live/2005/texmf-dist/fonts/type1/bluesky/cm/cmtt10.pfb></opt/texlive/2005/texmf
-dist/fonts/type1/bluesky/cm/cmr7.pfb></opt/texlive/2005/texmf-dist/fonts/type1
/bluesky/cm/cmr10.pfb></opt/texlive/2005/texmf-dist/fonts/type1/bluesky/cm/cmbx
12.pfb></opt/texlive/2005/texmf-dist/fonts/type1/bluesky/cm/cmsy8.pfb></opt/tex
live/2005/texmf-dist/fonts/type1/bluesky/cm/cmr12.pfb></opt/texlive/2005/texmf-
dist/fonts/type1/bluesky/cm/cmtt12.pfb></opt/texlive/2005/texmf-dist/fonts/type
1/bluesky/cm/cmr17.pfb>
Output written on preview.pdf (8 pages, 112167 bytes).
