This file contains any messages produced by compilers while
running configure, to aid debugging if configure makes a mistake.

It was created by configure, which was
generated by GNU Autoconf 2.59.  Invocation command line was

  $ ./configure --prefix=/usr --prefix=/usr --cache-file=/dev/null --srcdir=.

## --------- ##
## Platform. ##
## --------- ##

hostname = LFS_625
uname -m = i686
uname -r = 2.6.16.38
uname -s = Linux
uname -v = #2 Fri Aug 10 15:33:42 CST 2007

/usr/bin/uname -p = unknown
/bin/uname -X     = unknown

/bin/arch              = i686
/usr/bin/arch -k       = unknown
/usr/convex/getsysinfo = unknown
hostinfo               = unknown
/bin/machine           = unknown
/usr/bin/oslevel       = unknown
/bin/universe          = unknown

PATH: /bin
PATH: /usr/bin
PATH: /sbin
PATH: /usr/sbin
PATH: /root/tools


## ----------- ##
## Core tests. ##
## ----------- ##

configure:1290: checking for a BSD-compatible install
configure:1345: result: /usr/bin/install -c
configure:1356: checking whether build environment is sane
configure:1399: result: yes
configure:1464: checking for gawk
configure:1480: found /usr/bin/gawk
configure:1490: result: gawk
configure:1500: checking whether make sets $(MAKE)
configure:1520: result: yes
configure:1689: checking whether make sets $(MAKE)
configure:1709: result: yes
configure:1731: checking for a BSD-compatible install
configure:1786: result: /usr/bin/install -c
configure:1804: checking for emacs
configure:1820: found /usr/bin/emacs
configure:1830: result: emacs
configure:1854: checking where .elc files should go
configure:1867: $EMACS -batch -q -eval '(while load-path (princ (concat (car load-path) "\n")) (setq load-path (cdr load-path)))' </dev/null >conftest.out
configure:1870: $? = 0
configure:1883: result: ${datadir}/emacs/site-lisp
configure:1897: checking for dvips
configure:1926: result: no
configure:1938: checking for latex
configure:1967: result: no
configure:1938: checking for latex2e
configure:1967: result: no
configure:1977: checking for makeinfo
configure:1995: found /usr/bin/makeinfo
configure:2008: result: /usr/bin/makeinfo
configure:2020: checking for pdflatex
configure:2049: result: no
configure:2087: checking for emacs version
configure:2094: result: 22.1.1
configure:2098: checking whether info-look.el is needed
configure:2119: result: not needed with emacs 22.1.1
configure:2253: creating ./config.status

## ---------------------- ##
## Running config.status. ##
## ---------------------- ##

This file was extended by config.status, which was
generated by GNU Autoconf 2.59.  Invocation command line was

  CONFIG_FILES    = 
  CONFIG_HEADERS  = 
  CONFIG_LINKS    = 
  CONFIG_COMMANDS = 
  $ ./config.status 

on LFS_625

config.status:660: creating Makefile

## ---------------- ##
## Cache variables. ##
## ---------------- ##

ac_cv_env_EMACSLOADPATH_set=
ac_cv_env_EMACSLOADPATH_value=
ac_cv_env_EMACS_set=
ac_cv_env_EMACS_value=
ac_cv_env_build_alias_set=
ac_cv_env_build_alias_value=
ac_cv_env_host_alias_set=
ac_cv_env_host_alias_value=
ac_cv_env_target_alias_set=
ac_cv_env_target_alias_value=
ac_cv_path_MAKEINFO=/usr/bin/makeinfo
ac_cv_path_install='/usr/bin/install -c'
ac_cv_prog_AWK=gawk
ac_cv_prog_EMACS=emacs
ac_cv_prog_make_make_set=yes
am_cv_lispdir='${datadir}/emacs/site-lisp'

## ----------------- ##
## Output variables. ##
## ----------------- ##

ACLOCAL='${SHELL} /sources/gnuplot-4.2.2/missing --run aclocal-1.9'
AMTAR='${SHELL} /sources/gnuplot-4.2.2/missing --run tar'
AUTOCONF='${SHELL} /sources/gnuplot-4.2.2/missing --run autoconf'
AUTOHEADER='${SHELL} /sources/gnuplot-4.2.2/missing --run autoheader'
AUTOMAKE='${SHELL} /sources/gnuplot-4.2.2/missing --run automake-1.9'
AWK='gawk'
CYGPATH_W='echo'
DEFS='-DPACKAGE_NAME=\"\" -DPACKAGE_TARNAME=\"\" -DPACKAGE_VERSION=\"\" -DPACKAGE_STRING=\"\" -DPACKAGE_BUGREPORT=\"\" -DPACKAGE=\"gnuplot-mode\" -DVERSION=\"0.6.0\" '
DVIPS='no'
ECHO_C=''
ECHO_N='-n'
ECHO_T=''
EMACS='emacs'
EMACSLOADPATH=''
INFO_LOOK_ELC=''
INSTALL_DATA='${INSTALL} -m 644'
INSTALL_LISP='install-lisp'
INSTALL_PROGRAM='${INSTALL}'
INSTALL_SCRIPT='${INSTALL}'
INSTALL_STRIP_PROGRAM='${SHELL} $(install_sh) -c -s'
LATEX='no'
LIBOBJS=''
LIBS=''
LISPFILES='elcs'
LTLIBOBJS=''
MAKEINFO='/usr/bin/makeinfo'
PACKAGE='gnuplot-mode'
PACKAGE_BUGREPORT=''
PACKAGE_NAME=''
PACKAGE_STRING=''
PACKAGE_TARNAME=''
PACKAGE_VERSION=''
PATH_SEPARATOR=':'
PDFLATEX='no'
SET_MAKE=''
SHELL='/bin/sh'
STRIP=''
VERSION='0.6.0'
ac_ct_STRIP=''
am__leading_dot='.'
am__tar='${AMTAR} chof - "$$tardir"'
am__untar='${AMTAR} xf -'
bindir='${exec_prefix}/bin'
build_alias=''
datadir='${prefix}/share'
exec_prefix='${prefix}'
host_alias=''
includedir='${prefix}/include'
infodir='${prefix}/info'
install_sh='/sources/gnuplot-4.2.2/install-sh'
libdir='${exec_prefix}/lib'
libexecdir='${exec_prefix}/libexec'
lispdir='${datadir}/emacs/site-lisp'
localstatedir='${prefix}/var'
mandir='${prefix}/man'
mkdir_p='mkdir -p --'
oldincludedir='/usr/include'
prefix='/usr'
program_transform_name='s,x,x,'
sbindir='${exec_prefix}/sbin'
sharedstatedir='${prefix}/com'
sysconfdir='${prefix}/etc'
target_alias=''

## ----------- ##
## confdefs.h. ##
## ----------- ##

#define PACKAGE "gnuplot-mode"
#define PACKAGE_BUGREPORT ""
#define PACKAGE_NAME ""
#define PACKAGE_STRING ""
#define PACKAGE_TARNAME ""
#define PACKAGE_VERSION ""
#define VERSION "0.6.0"

configure: exit 0
